<?xml version="1.0" encoding="UTF-8"?>
<!-- Generated by org.testng.reporters.JUnitXMLReporter -->
<testsuite ignored="7" hostname="LAPTOP-NIU33F83" failures="0" tests="3" name="Test" time="7.346" errors="0" timestamp="2024-03-10T15:41:53 IST">
  <testcase classname="Bike_Website.Yamaha" name="yamaha" time="6.24"/>
  <testcase classname="Shoe_Website.Liberty" name="liberty" time="6.389"/>
  <testcase classname="Bike_Website.TVS" name="tvs" time="7.292"/>
  <testcase classname="Bike_Website.Bajaj" name="bajaj" time="0.0">
    <ignored/>
  </testcase> <!-- bajaj -->
  <testcase classname="Shoe_Website.Red_Tape" name="redtape" time="0.0">
    <ignored/>
  </testcase> <!-- redtape -->
  <testcase classname="Bike_Website.Honda" name="honda" time="0.0">
    <ignored/>
  </testcase> <!-- honda -->
  <testcase classname="Shoe_Website.Nike" name="nike" time="0.0">
    <ignored/>
  </testcase> <!-- nike -->
  <testcase classname="Bike_Website.Royal_enfield" name="royal" time="0.0">
    <ignored/>
  </testcase> <!-- royal -->
  <testcase classname="Shoe_Website.New_Balance" name="new_balance" time="0.0">
    <ignored/>
  </testcase> <!-- new_balance -->
  <testcase classname="Shoe_Website.Addidas" name="addidas" time="0.0">
    <ignored/>
  </testcase> <!-- addidas -->
</testsuite> <!-- Test -->
