<?xml version="1.0" encoding="UTF-8"?>
<testng-results ignored="0" total="1" passed="1" failed="0" skipped="0">
  <reporter-output>
  </reporter-output>
  <suite started-at="2024-03-17T14:14:59 IST" name="Default suite" finished-at="2024-03-17T14:15:09 IST" duration-ms="10537">
    <groups>
    </groups>
    <test started-at="2024-03-17T14:14:59 IST" name="Default test" finished-at="2024-03-17T14:15:09 IST" duration-ms="10537">
      <class name="POM.UseTheWebElement">
        <test-method signature="search()[pri:0, instance:POM.UseTheWebElement@27ff5d15]" started-at="2024-03-17T14:14:59 IST" name="search" finished-at="2024-03-17T14:15:09 IST" duration-ms="10465" status="PASS">
          <reporter-output>
          </reporter-output>
        </test-method> <!-- search -->
      </class> <!-- POM.UseTheWebElement -->
    </test> <!-- Default test -->
  </suite> <!-- Default suite -->
</testng-results>
